[2024-11-28 23:46:50] local.ERROR: Command "ui" is not defined. {"exception":"[object] (Symfony\\Component\\Console\\Exception\\CommandNotFoundException(code: 0): Command \"ui\" is not defined. at C:\\Users\\Lenovo\\Documents\\Semester 3\\Pengembangan Aplikasi web\\LARAVEL\\prak11\\vendor\\symfony\\console\\Application.php:737)
[stacktrace]
#0 C:\\Users\\Lenovo\\Documents\\Semester 3\\Pengembangan Aplikasi web\\LARAVEL\\prak11\\vendor\\symfony\\console\\Application.php(266): Symfony\\Component\\Console\\Application->find('ui')
#1 C:\\Users\\Lenovo\\Documents\\Semester 3\\Pengembangan Aplikasi web\\LARAVEL\\prak11\\vendor\\symfony\\console\\Application.php(175): Symfony\\Component\\Console\\Application->doRun(Object(Symfony\\Component\\Console\\Input\\ArgvInput), Object(Symfony\\Component\\Console\\Output\\ConsoleOutput))
#2 C:\\Users\\Lenovo\\Documents\\Semester 3\\Pengembangan Aplikasi web\\LARAVEL\\prak11\\vendor\\laravel\\framework\\src\\Illuminate\\Foundation\\Console\\Kernel.php(201): Symfony\\Component\\Console\\Application->run(Object(Symfony\\Component\\Console\\Input\\ArgvInput), Object(Symfony\\Component\\Console\\Output\\ConsoleOutput))
#3 C:\\Users\\Lenovo\\Documents\\Semester 3\\Pengembangan Aplikasi web\\LARAVEL\\prak11\\artisan(37): Illuminate\\Foundation\\Console\\Kernel->handle(Object(Symfony\\Component\\Console\\Input\\ArgvInput), Object(Symfony\\Component\\Console\\Output\\ConsoleOutput))
#4 {main}
"} 
[2024-11-29 03:43:54] local.ERROR: View [BootStrapKloning] not found. {"exception":"[object] (InvalidArgumentException(code: 0): View [BootStrapKloning] not found. at C:\\Users\\Lenovo\\Documents\\Semester 3\\Pengembangan Aplikasi web\\LARAVEL\\prak11\\vendor\\laravel\\framework\\src\\Illuminate\\View\\FileViewFinder.php:137)
[stacktrace]
#0 C:\\Users\\Lenovo\\Documents\\Semester 3\\Pengembangan Aplikasi web\\LARAVEL\\prak11\\vendor\\laravel\\framework\\src\\Illuminate\\View\\FileViewFinder.php(79): Illuminate\\View\\FileViewFinder->findInPaths('BootStrapKlonin...', Array)
#1 C:\\Users\\Lenovo\\Documents\\Semester 3\\Pengembangan Aplikasi web\\LARAVEL\\prak11\\vendor\\laravel\\framework\\src\\Illuminate\\View\\Factory.php(138): Illuminate\\View\\FileViewFinder->find('BootStrapKlonin...')
#2 C:\\Users\\Lenovo\\Documents\\Semester 3\\Pengembangan Aplikasi web\\LARAVEL\\prak11\\vendor\\laravel\\framework\\src\\Illuminate\\Foundation\\helpers.php(1020): Illuminate\\View\\Factory->make('BootStrapKlonin...', Array, Array)
#3 C:\\Users\\Lenovo\\Documents\\Semester 3\\Pengembangan Aplikasi web\\LARAVEL\\prak11\\routes\\web.php(86): view('BootStrapKlonin...')
#4 C:\\Users\\Lenovo\\Documents\\Semester 3\\Pengembangan Aplikasi web\\LARAVEL\\prak11\\vendor\\laravel\\framework\\src\\Illuminate\\Routing\\CallableDispatcher.php(40): Illuminate\\Routing\\RouteFileRegistrar->{closure}()
#5 C:\\Users\\Lenovo\\Documents\\Semester 3\\Pengembangan Aplikasi web\\LARAVEL\\prak11\\vendor\\laravel\\framework\\src\\Illuminate\\Routing\\Route.php(237): Illuminate\\Routing\\CallableDispatcher->dispatch(Object(Illuminate\\Routing\\Route), Object(Closure))
#6 C:\\Users\\Lenovo\\Documents\\Semester 3\\Pengembangan Aplikasi web\\LARAVEL\\prak11\\vendor\\laravel\\framework\\src\\Illuminate\\Routing\\Route.php(208): Illuminate\\Routing\\Route->runCallable()
#7 C:\\Users\\Lenovo\\Documents\\Semester 3\\Pengembangan Aplikasi web\\LARAVEL\\prak11\\vendor\\laravel\\framework\\src\\Illuminate\\Routing\\Router.php(806): Illuminate\\Routing\\Route->run()
#8 C:\\Users\\Lenovo\\Documents\\Semester 3\\Pengembangan Aplikasi web\\LARAVEL\\prak11\\vendor\\laravel\\framework\\src\\Illuminate\\Pipeline\\Pipeline.php(144): Illuminate\\Routing\\Router->Illuminate\\Routing\\{closure}(Object(Illuminate\\Http\\Request))
#9 C:\\Users\\Lenovo\\Documents\\Semester 3\\Pengembangan Aplikasi web\\LARAVEL\\prak11\\vendor\\laravel\\framework\\src\\Illuminate\\Routing\\Middleware\\SubstituteBindings.php(50): Illuminate\\Pipeline\\Pipeline->Illuminate\\Pipeline\\{closure}(Object(Illuminate\\Http\\Request))
#10 C:\\Users\\Lenovo\\Documents\\Semester 3\\Pengembangan Aplikasi web\\LARAVEL\\prak11\\vendor\\laravel\\framework\\src\\Illuminate\\Pipeline\\Pipeline.php(183): Illuminate\\Routing\\Middleware\\SubstituteBindings->handle(Object(Illuminate\\Http\\Request), Object(Closure))
#11 C:\\Users\\Lenovo\\Documents\\Semester 3\\Pengembangan Aplikasi web\\LARAVEL\\prak11\\vendor\\laravel\\framework\\src\\Illuminate\\Foundation\\Http\\Middleware\\VerifyCsrfToken.php(78): Illuminate\\Pipeline\\Pipeline->Illuminate\\Pipeline\\{closure}(Object(Illuminate\\Http\\Request))
#12 C:\\Users\\Lenovo\\Documents\\Semester 3\\Pengembangan Aplikasi web\\LARAVEL\\prak11\\vendor\\laravel\\framework\\src\\Illuminate\\Pipeline\\Pipeline.php(183): Illuminate\\Foundation\\Http\\Middleware\\VerifyCsrfToken->handle(Object(Illuminate\\Http\\Request), Object(Closure))
#13 C:\\Users\\Lenovo\\Documents\\Semester 3\\Pengembangan Aplikasi web\\LARAVEL\\prak11\\vendor\\laravel\\framework\\src\\Illuminate\\View\\Middleware\\ShareErrorsFromSession.php(49): Illuminate\\Pipeline\\Pipeline->Illuminate\\Pipeline\\{closure}(Object(Illuminate\\Http\\Request))
#14 C:\\Users\\Lenovo\\Documents\\Semester 3\\Pengembangan Aplikasi web\\LARAVEL\\prak11\\vendor\\laravel\\framework\\src\\Illuminate\\Pipeline\\Pipeline.php(183): Illuminate\\View\\Middleware\\ShareErrorsFromSession->handle(Object(Illuminate\\Http\\Request), Object(Closure))
#15 C:\\Users\\Lenovo\\Documents\\Semester 3\\Pengembangan Aplikasi web\\LARAVEL\\prak11\\vendor\\laravel\\framework\\src\\Illuminate\\Session\\Middleware\\StartSession.php(121): Illuminate\\Pipeline\\Pipeline->Illuminate\\Pipeline\\{closure}(Object(Illuminate\\Http\\Request))
#16 C:\\Users\\Lenovo\\Documents\\Semester 3\\Pengembangan Aplikasi web\\LARAVEL\\prak11\\vendor\\laravel\\framework\\src\\Illuminate\\Session\\Middleware\\StartSession.php(64): Illuminate\\Session\\Middleware\\StartSession->handleStatefulRequest(Object(Illuminate\\Http\\Request), Object(Illuminate\\Session\\Store), Object(Closure))
#17 C:\\Users\\Lenovo\\Documents\\Semester 3\\Pengembangan Aplikasi web\\LARAVEL\\prak11\\vendor\\laravel\\framework\\src\\Illuminate\\Pipeline\\Pipeline.php(183): Illuminate\\Session\\Middleware\\StartSession->handle(Object(Illuminate\\Http\\Request), Object(Closure))
#18 C:\\Users\\Lenovo\\Documents\\Semester 3\\Pengembangan Aplikasi web\\LARAVEL\\prak11\\vendor\\laravel\\framework\\src\\Illuminate\\Cookie\\Middleware\\AddQueuedCookiesToResponse.php(37): Illuminate\\Pipeline\\Pipeline->Illuminate\\Pipeline\\{closure}(Object(Illuminate\\Http\\Request))
#19 C:\\Users\\Lenovo\\Documents\\Semester 3\\Pengembangan Aplikasi web\\LARAVEL\\prak11\\vendor\\laravel\\framework\\src\\Illuminate\\Pipeline\\Pipeline.php(183): Illuminate\\Cookie\\Middleware\\AddQueuedCookiesToResponse->handle(Object(Illuminate\\Http\\Request), Object(Closure))
#20 C:\\Users\\Lenovo\\Documents\\Semester 3\\Pengembangan Aplikasi web\\LARAVEL\\prak11\\vendor\\laravel\\framework\\src\\Illuminate\\Cookie\\Middleware\\EncryptCookies.php(67): Illuminate\\Pipeline\\Pipeline->Illuminate\\Pipeline\\{closure}(Object(Illuminate\\Http\\Request))
#21 C:\\Users\\Lenovo\\Documents\\Semester 3\\Pengembangan Aplikasi web\\LARAVEL\\prak11\\vendor\\laravel\\framework\\src\\Illuminate\\Pipeline\\Pipeline.php(183): Illuminate\\Cookie\\Middleware\\EncryptCookies->handle(Object(Illuminate\\Http\\Request), Object(Closure))
#22 C:\\Users\\Lenovo\\Documents\\Semester 3\\Pengembangan Aplikasi web\\LARAVEL\\prak11\\vendor\\laravel\\framework\\src\\Illuminate\\Pipeline\\Pipeline.php(119): Illuminate\\Pipeline\\Pipeline->Illuminate\\Pipeline\\{closure}(Object(Illuminate\\Http\\Request))
#23 C:\\Users\\Lenovo\\Documents\\Semester 3\\Pengembangan Aplikasi web\\LARAVEL\\prak11\\vendor\\laravel\\framework\\src\\Illuminate\\Routing\\Router.php(807): Illuminate\\Pipeline\\Pipeline->then(Object(Closure))
#24 C:\\Users\\Lenovo\\Documents\\Semester 3\\Pengembangan Aplikasi web\\LARAVEL\\prak11\\vendor\\laravel\\framework\\src\\Illuminate\\Routing\\Router.php(784): Illuminate\\Routing\\Router->runRouteWithinStack(Object(Illuminate\\Routing\\Route), Object(Illuminate\\Http\\Request))
#25 C:\\Users\\Lenovo\\Documents\\Semester 3\\Pengembangan Aplikasi web\\LARAVEL\\prak11\\vendor\\laravel\\framework\\src\\Illuminate\\Routing\\Router.php(748): Illuminate\\Routing\\Router->runRoute(Object(Illuminate\\Http\\Request), Object(Illuminate\\Routing\\Route))
#26 C:\\Users\\Lenovo\\Documents\\Semester 3\\Pengembangan Aplikasi web\\LARAVEL\\prak11\\vendor\\laravel\\framework\\src\\Illuminate\\Routing\\Router.php(737): Illuminate\\Routing\\Router->dispatchToRoute(Object(Illuminate\\Http\\Request))
#27 C:\\Users\\Lenovo\\Documents\\Semester 3\\Pengembangan Aplikasi web\\LARAVEL\\prak11\\vendor\\laravel\\framework\\src\\Illuminate\\Foundation\\Http\\Kernel.php(200): Illuminate\\Routing\\Router->dispatch(Object(Illuminate\\Http\\Request))
#28 C:\\Users\\Lenovo\\Documents\\Semester 3\\Pengembangan Aplikasi web\\LARAVEL\\prak11\\vendor\\laravel\\framework\\src\\Illuminate\\Pipeline\\Pipeline.php(144): Illuminate\\Foundation\\Http\\Kernel->Illuminate\\Foundation\\Http\\{closure}(Object(Illuminate\\Http\\Request))
#29 C:\\Users\\Lenovo\\Documents\\Semester 3\\Pengembangan Aplikasi web\\LARAVEL\\prak11\\vendor\\laravel\\framework\\src\\Illuminate\\Foundation\\Http\\Middleware\\TransformsRequest.php(21): Illuminate\\Pipeline\\Pipeline->Illuminate\\Pipeline\\{closure}(Object(Illuminate\\Http\\Request))
#30 C:\\Users\\Lenovo\\Documents\\Semester 3\\Pengembangan Aplikasi web\\LARAVEL\\prak11\\vendor\\laravel\\framework\\src\\Illuminate\\Foundation\\Http\\Middleware\\ConvertEmptyStringsToNull.php(31): Illuminate\\Foundation\\Http\\Middleware\\TransformsRequest->handle(Object(Illuminate\\Http\\Request), Object(Closure))
#31 C:\\Users\\Lenovo\\Documents\\Semester 3\\Pengembangan Aplikasi web\\LARAVEL\\prak11\\vendor\\laravel\\framework\\src\\Illuminate\\Pipeline\\Pipeline.php(183): Illuminate\\Foundation\\Http\\Middleware\\ConvertEmptyStringsToNull->handle(Object(Illuminate\\Http\\Request), Object(Closure))
#32 C:\\Users\\Lenovo\\Documents\\Semester 3\\Pengembangan Aplikasi web\\LARAVEL\\prak11\\vendor\\laravel\\framework\\src\\Illuminate\\Foundation\\Http\\Middleware\\TransformsRequest.php(21): Illuminate\\Pipeline\\Pipeline->Illuminate\\Pipeline\\{closure}(Object(Illuminate\\Http\\Request))
#33 C:\\Users\\Lenovo\\Documents\\Semester 3\\Pengembangan Aplikasi web\\LARAVEL\\prak11\\vendor\\laravel\\framework\\src\\Illuminate\\Foundation\\Http\\Middleware\\TrimStrings.php(40): Illuminate\\Foundation\\Http\\Middleware\\TransformsRequest->handle(Object(Illuminate\\Http\\Request), Object(Closure))
#34 C:\\Users\\Lenovo\\Documents\\Semester 3\\Pengembangan Aplikasi web\\LARAVEL\\prak11\\vendor\\laravel\\framework\\src\\Illuminate\\Pipeline\\Pipeline.php(183): Illuminate\\Foundation\\Http\\Middleware\\TrimStrings->handle(Object(Illuminate\\Http\\Request), Object(Closure))
#35 C:\\Users\\Lenovo\\Documents\\Semester 3\\Pengembangan Aplikasi web\\LARAVEL\\prak11\\vendor\\laravel\\framework\\src\\Illuminate\\Foundation\\Http\\Middleware\\ValidatePostSize.php(27): Illuminate\\Pipeline\\Pipeline->Illuminate\\Pipeline\\{closure}(Object(Illuminate\\Http\\Request))
#36 C:\\Users\\Lenovo\\Documents\\Semester 3\\Pengembangan Aplikasi web\\LARAVEL\\prak11\\vendor\\laravel\\framework\\src\\Illuminate\\Pipeline\\Pipeline.php(183): Illuminate\\Foundation\\Http\\Middleware\\ValidatePostSize->handle(Object(Illuminate\\Http\\Request), Object(Closure))
#37 C:\\Users\\Lenovo\\Documents\\Semester 3\\Pengembangan Aplikasi web\\LARAVEL\\prak11\\vendor\\laravel\\framework\\src\\Illuminate\\Foundation\\Http\\Middleware\\PreventRequestsDuringMaintenance.php(99): Illuminate\\Pipeline\\Pipeline->Illuminate\\Pipeline\\{closure}(Object(Illuminate\\Http\\Request))
#38 C:\\Users\\Lenovo\\Documents\\Semester 3\\Pengembangan Aplikasi web\\LARAVEL\\prak11\\vendor\\laravel\\framework\\src\\Illuminate\\Pipeline\\Pipeline.php(183): Illuminate\\Foundation\\Http\\Middleware\\PreventRequestsDuringMaintenance->handle(Object(Illuminate\\Http\\Request), Object(Closure))
#39 C:\\Users\\Lenovo\\Documents\\Semester 3\\Pengembangan Aplikasi web\\LARAVEL\\prak11\\vendor\\laravel\\framework\\src\\Illuminate\\Http\\Middleware\\HandleCors.php(49): Illuminate\\Pipeline\\Pipeline->Illuminate\\Pipeline\\{closure}(Object(Illuminate\\Http\\Request))
#40 C:\\Users\\Lenovo\\Documents\\Semester 3\\Pengembangan Aplikasi web\\LARAVEL\\prak11\\vendor\\laravel\\framework\\src\\Illuminate\\Pipeline\\Pipeline.php(183): Illuminate\\Http\\Middleware\\HandleCors->handle(Object(Illuminate\\Http\\Request), Object(Closure))
#41 C:\\Users\\Lenovo\\Documents\\Semester 3\\Pengembangan Aplikasi web\\LARAVEL\\prak11\\vendor\\laravel\\framework\\src\\Illuminate\\Http\\Middleware\\TrustProxies.php(39): Illuminate\\Pipeline\\Pipeline->Illuminate\\Pipeline\\{closure}(Object(Illuminate\\Http\\Request))
#42 C:\\Users\\Lenovo\\Documents\\Semester 3\\Pengembangan Aplikasi web\\LARAVEL\\prak11\\vendor\\laravel\\framework\\src\\Illuminate\\Pipeline\\Pipeline.php(183): Illuminate\\Http\\Middleware\\TrustProxies->handle(Object(Illuminate\\Http\\Request), Object(Closure))
#43 C:\\Users\\Lenovo\\Documents\\Semester 3\\Pengembangan Aplikasi web\\LARAVEL\\prak11\\vendor\\laravel\\framework\\src\\Illuminate\\Pipeline\\Pipeline.php(119): Illuminate\\Pipeline\\Pipeline->Illuminate\\Pipeline\\{closure}(Object(Illuminate\\Http\\Request))
#44 C:\\Users\\Lenovo\\Documents\\Semester 3\\Pengembangan Aplikasi web\\LARAVEL\\prak11\\vendor\\laravel\\framework\\src\\Illuminate\\Foundation\\Http\\Kernel.php(175): Illuminate\\Pipeline\\Pipeline->then(Object(Closure))
#45 C:\\Users\\Lenovo\\Documents\\Semester 3\\Pengembangan Aplikasi web\\LARAVEL\\prak11\\vendor\\laravel\\framework\\src\\Illuminate\\Foundation\\Http\\Kernel.php(144): Illuminate\\Foundation\\Http\\Kernel->sendRequestThroughRouter(Object(Illuminate\\Http\\Request))
#46 C:\\Users\\Lenovo\\Documents\\Semester 3\\Pengembangan Aplikasi web\\LARAVEL\\prak11\\public\\index.php(52): Illuminate\\Foundation\\Http\\Kernel->handle(Object(Illuminate\\Http\\Request))
#47 C:\\Users\\Lenovo\\Documents\\Semester 3\\Pengembangan Aplikasi web\\LARAVEL\\prak11\\vendor\\laravel\\framework\\src\\Illuminate\\Foundation\\resources\\server.php(16): require_once('C:\\\\Users\\\\Lenovo...')
#48 {main}
"} 
[2024-11-29 09:46:21] local.ERROR: Class "App\Http\Controllers\RouteListController" does not exist {"exception":"[object] (ReflectionException(code: -1): Class \"App\\Http\\Controllers\\RouteListController\" does not exist at C:\\Users\\Lenovo\\Documents\\Semester 3\\Pengembangan Aplikasi web\\LARAVEL\\prak11\\vendor\\laravel\\framework\\src\\Illuminate\\Foundation\\Console\\RouteListCommand.php:225)
[stacktrace]
#0 C:\\Users\\Lenovo\\Documents\\Semester 3\\Pengembangan Aplikasi web\\LARAVEL\\prak11\\vendor\\laravel\\framework\\src\\Illuminate\\Foundation\\Console\\RouteListCommand.php(225): ReflectionClass->__construct('App\\\\Http\\\\Contro...')
#1 C:\\Users\\Lenovo\\Documents\\Semester 3\\Pengembangan Aplikasi web\\LARAVEL\\prak11\\vendor\\laravel\\framework\\src\\Illuminate\\Foundation\\Console\\RouteListCommand.php(147): Illuminate\\Foundation\\Console\\RouteListCommand->isVendorRoute(Object(Illuminate\\Routing\\Route))
#2 C:\\Users\\Lenovo\\Documents\\Semester 3\\Pengembangan Aplikasi web\\LARAVEL\\prak11\\vendor\\laravel\\framework\\src\\Illuminate\\Foundation\\Console\\RouteListCommand.php(116): Illuminate\\Foundation\\Console\\RouteListCommand->getRouteInformation(Object(Illuminate\\Routing\\Route))
#3 [internal function]: Illuminate\\Foundation\\Console\\RouteListCommand->Illuminate\\Foundation\\Console\\{closure}(Object(Illuminate\\Routing\\Route), 24)
#4 C:\\Users\\Lenovo\\Documents\\Semester 3\\Pengembangan Aplikasi web\\LARAVEL\\prak11\\vendor\\laravel\\framework\\src\\Illuminate\\Collections\\Arr.php(600): array_map(Object(Closure), Array, Array)
#5 C:\\Users\\Lenovo\\Documents\\Semester 3\\Pengembangan Aplikasi web\\LARAVEL\\prak11\\vendor\\laravel\\framework\\src\\Illuminate\\Collections\\Collection.php(778): Illuminate\\Support\\Arr::map(Array, Object(Closure))
#6 C:\\Users\\Lenovo\\Documents\\Semester 3\\Pengembangan Aplikasi web\\LARAVEL\\prak11\\vendor\\laravel\\framework\\src\\Illuminate\\Foundation\\Console\\RouteListCommand.php(117): Illuminate\\Support\\Collection->map(Object(Closure))
#7 C:\\Users\\Lenovo\\Documents\\Semester 3\\Pengembangan Aplikasi web\\LARAVEL\\prak11\\vendor\\laravel\\framework\\src\\Illuminate\\Foundation\\Console\\RouteListCommand.php(101): Illuminate\\Foundation\\Console\\RouteListCommand->getRoutes()
#8 C:\\Users\\Lenovo\\Documents\\Semester 3\\Pengembangan Aplikasi web\\LARAVEL\\prak11\\vendor\\laravel\\framework\\src\\Illuminate\\Container\\BoundMethod.php(36): Illuminate\\Foundation\\Console\\RouteListCommand->handle()
#9 C:\\Users\\Lenovo\\Documents\\Semester 3\\Pengembangan Aplikasi web\\LARAVEL\\prak11\\vendor\\laravel\\framework\\src\\Illuminate\\Container\\Util.php(41): Illuminate\\Container\\BoundMethod::Illuminate\\Container\\{closure}()
#10 C:\\Users\\Lenovo\\Documents\\Semester 3\\Pengembangan Aplikasi web\\LARAVEL\\prak11\\vendor\\laravel\\framework\\src\\Illuminate\\Container\\BoundMethod.php(93): Illuminate\\Container\\Util::unwrapIfClosure(Object(Closure))
#11 C:\\Users\\Lenovo\\Documents\\Semester 3\\Pengembangan Aplikasi web\\LARAVEL\\prak11\\vendor\\laravel\\framework\\src\\Illuminate\\Container\\BoundMethod.php(37): Illuminate\\Container\\BoundMethod::callBoundMethod(Object(Illuminate\\Foundation\\Application), Array, Object(Closure))
#12 C:\\Users\\Lenovo\\Documents\\Semester 3\\Pengembangan Aplikasi web\\LARAVEL\\prak11\\vendor\\laravel\\framework\\src\\Illuminate\\Container\\Container.php(662): Illuminate\\Container\\BoundMethod::call(Object(Illuminate\\Foundation\\Application), Array, Array, NULL)
#13 C:\\Users\\Lenovo\\Documents\\Semester 3\\Pengembangan Aplikasi web\\LARAVEL\\prak11\\vendor\\laravel\\framework\\src\\Illuminate\\Console\\Command.php(211): Illuminate\\Container\\Container->call(Array)
#14 C:\\Users\\Lenovo\\Documents\\Semester 3\\Pengembangan Aplikasi web\\LARAVEL\\prak11\\vendor\\symfony\\console\\Command\\Command.php(326): Illuminate\\Console\\Command->execute(Object(Symfony\\Component\\Console\\Input\\ArgvInput), Object(Illuminate\\Console\\OutputStyle))
#15 C:\\Users\\Lenovo\\Documents\\Semester 3\\Pengembangan Aplikasi web\\LARAVEL\\prak11\\vendor\\laravel\\framework\\src\\Illuminate\\Console\\Command.php(181): Symfony\\Component\\Console\\Command\\Command->run(Object(Symfony\\Component\\Console\\Input\\ArgvInput), Object(Illuminate\\Console\\OutputStyle))
#16 C:\\Users\\Lenovo\\Documents\\Semester 3\\Pengembangan Aplikasi web\\LARAVEL\\prak11\\vendor\\symfony\\console\\Application.php(1096): Illuminate\\Console\\Command->run(Object(Symfony\\Component\\Console\\Input\\ArgvInput), Object(Symfony\\Component\\Console\\Output\\ConsoleOutput))
#17 C:\\Users\\Lenovo\\Documents\\Semester 3\\Pengembangan Aplikasi web\\LARAVEL\\prak11\\vendor\\symfony\\console\\Application.php(324): Symfony\\Component\\Console\\Application->doRunCommand(Object(Illuminate\\Foundation\\Console\\RouteListCommand), Object(Symfony\\Component\\Console\\Input\\ArgvInput), Object(Symfony\\Component\\Console\\Output\\ConsoleOutput))
#18 C:\\Users\\Lenovo\\Documents\\Semester 3\\Pengembangan Aplikasi web\\LARAVEL\\prak11\\vendor\\symfony\\console\\Application.php(175): Symfony\\Component\\Console\\Application->doRun(Object(Symfony\\Component\\Console\\Input\\ArgvInput), Object(Symfony\\Component\\Console\\Output\\ConsoleOutput))
#19 C:\\Users\\Lenovo\\Documents\\Semester 3\\Pengembangan Aplikasi web\\LARAVEL\\prak11\\vendor\\laravel\\framework\\src\\Illuminate\\Foundation\\Console\\Kernel.php(201): Symfony\\Component\\Console\\Application->run(Object(Symfony\\Component\\Console\\Input\\ArgvInput), Object(Symfony\\Component\\Console\\Output\\ConsoleOutput))
#20 C:\\Users\\Lenovo\\Documents\\Semester 3\\Pengembangan Aplikasi web\\LARAVEL\\prak11\\artisan(37): Illuminate\\Foundation\\Console\\Kernel->handle(Object(Symfony\\Component\\Console\\Input\\ArgvInput), Object(Symfony\\Component\\Console\\Output\\ConsoleOutput))
#21 {main}
"} 
